<?xml version="1.0" encoding="UTF-8"?>
<!-- Generated by org.testng.reporters.JUnitReportReporter -->
<testsuite hostname="DESKTOP-DICMO4H" failures="0" tests="1" name="applictionApi1.example2" time="5.153" errors="0" timestamp="2024-06-19T19:41:55 IST" skipped="0">
  <testcase classname="applictionApi1.example2" name="test_2" time="5.153"/>
</testsuite> <!-- applictionApi1.example2 -->
