<?xml version="1.0" encoding="UTF-8"?>
<!-- Generated by org.testng.reporters.JUnitReportReporter -->
<testsuite hostname="DESKTOP-DICMO4H" failures="0" tests="1" name="applictionApi1.test1" time="3.398" errors="0" timestamp="2024-06-18T12:18:43 IST" skipped="0">
  <testcase classname="applictionApi1.test1" name="function1" time="3.398"/>
</testsuite> <!-- applictionApi1.test1 -->
